<?xml version="1.0" encoding="UTF-8"?>
<testng-results skipped="0" failed="0" total="1" passed="1">
  <reporter-output>
  </reporter-output>
  <suite name="Default suite" duration-ms="31000" started-at="2018-10-02T23:46:46Z" finished-at="2018-10-02T23:47:17Z">
    <groups>
    </groups>
    <test name="Default test" duration-ms="31000" started-at="2018-10-02T23:46:46Z" finished-at="2018-10-02T23:47:17Z">
      <class name="com.crm.qa.testcases.LoginPageTest">
        <test-method status="PASS" signature="Setup()[pri:0, instance:com.crm.qa.testcases.LoginPageTest@ae45eb6]" name="Setup" is-config="true" duration-ms="23931" started-at="2018-10-02T19:46:47Z" finished-at="2018-10-02T19:47:10Z">
          <reporter-output>
          </reporter-output>
        </test-method> <!-- Setup -->
        <test-method status="PASS" signature="MailTitleTest()[pri:0, instance:com.crm.qa.testcases.LoginPageTest@ae45eb6]" name="MailTitleTest" duration-ms="4702" started-at="2018-10-02T19:47:10Z" finished-at="2018-10-02T19:47:15Z">
          <reporter-output>
          </reporter-output>
        </test-method> <!-- MailTitleTest -->
        <test-method status="PASS" signature="tearDown()[pri:0, instance:com.crm.qa.testcases.LoginPageTest@ae45eb6]" name="tearDown" is-config="true" duration-ms="2328" started-at="2018-10-02T19:47:15Z" finished-at="2018-10-02T19:47:17Z">
          <reporter-output>
          </reporter-output>
        </test-method> <!-- tearDown -->
      </class> <!-- com.crm.qa.testcases.LoginPageTest -->
    </test> <!-- Default test -->
  </suite> <!-- Default suite -->
</testng-results>
